<?xml version="1.0" encoding="UTF-8"?>
<testng-results ignored="0" total="2" passed="2" failed="0" skipped="0">
  <reporter-output>
  </reporter-output>
  <suite started-at="2022-10-10T17:34:27 IST" name="Default suite" finished-at="2022-10-10T17:35:31 IST" duration-ms="64195">
    <groups>
    </groups>
    <test started-at="2022-10-10T17:34:27 IST" name="Default test" finished-at="2022-10-10T17:35:31 IST" duration-ms="64195">
      <class name="TestLayer.BuyerPortal_BusinessOnboardingPageTest">
        <test-method is-config="true" signature="setUp()[pri:0, instance:TestLayer.BuyerPortal_BusinessOnboardingPageTest@158d2680]" started-at="2022-10-10T17:34:18 IST" name="setUp" finished-at="2022-10-10T17:34:27 IST" duration-ms="8830" status="PASS">
          <reporter-output>
          </reporter-output>
        </test-method> <!-- setUp -->
        <test-method is-config="true" signature="setReports()[pri:0, instance:TestLayer.BuyerPortal_BusinessOnboardingPageTest@158d2680]" started-at="2022-10-10T17:34:27 IST" name="setReports" finished-at="2022-10-10T17:34:27 IST" duration-ms="220" status="PASS">
          <reporter-output>
          </reporter-output>
        </test-method> <!-- setReports -->
        <test-method is-config="true" signature="testName(java.lang.reflect.Method)[pri:0, instance:TestLayer.BuyerPortal_BusinessOnboardingPageTest@158d2680]" started-at="2022-10-10T17:34:27 IST" name="testName" finished-at="2022-10-10T17:34:27 IST" duration-ms="6" status="PASS">
          <params>
            <param index="0">
              <value>
                <![CDATA[public void TestLayer.BuyerPortal_BusinessOnboardingPageTest.signInPageTest() throws java.lang.InterruptedException]]>
              </value>
            </param>
          </params>
          <reporter-output>
          </reporter-output>
        </test-method> <!-- testName -->
        <test-method signature="signInPageTest()[pri:1, instance:TestLayer.BuyerPortal_BusinessOnboardingPageTest@158d2680]" started-at="2022-10-10T17:34:27 IST" name="signInPageTest" finished-at="2022-10-10T17:34:40 IST" duration-ms="13017" status="PASS">
          <reporter-output>
          </reporter-output>
        </test-method> <!-- signInPageTest -->
        <test-method is-config="true" signature="tearDown(org.testng.ITestResult)[pri:0, instance:TestLayer.BuyerPortal_BusinessOnboardingPageTest@158d2680]" started-at="2022-10-10T17:34:40 IST" name="tearDown" finished-at="2022-10-10T17:34:40 IST" duration-ms="2" status="PASS">
          <params>
            <param index="0">
              <value>
                <![CDATA[[TestResult name=signInPageTest status=SUCCESS method=BuyerPortal_BusinessOnboardingPageTest.signInPageTest()[pri:1, instance:TestLayer.BuyerPortal_BusinessOnboardingPageTest@158d2680] output={null}]]]>
              </value>
            </param>
          </params>
          <reporter-output>
          </reporter-output>
        </test-method> <!-- tearDown -->
        <test-method is-config="true" signature="testName(java.lang.reflect.Method)[pri:0, instance:TestLayer.BuyerPortal_BusinessOnboardingPageTest@158d2680]" started-at="2022-10-10T17:34:40 IST" name="testName" finished-at="2022-10-10T17:34:40 IST" duration-ms="0" status="PASS">
          <params>
            <param index="0">
              <value>
                <![CDATA[public void TestLayer.BuyerPortal_BusinessOnboardingPageTest.basicBusinessDetails() throws java.lang.InterruptedException,java.awt.AWTException]]>
              </value>
            </param>
          </params>
          <reporter-output>
          </reporter-output>
        </test-method> <!-- testName -->
        <test-method signature="basicBusinessDetails()[pri:2, instance:TestLayer.BuyerPortal_BusinessOnboardingPageTest@158d2680]" started-at="2022-10-10T17:34:40 IST" name="basicBusinessDetails" finished-at="2022-10-10T17:35:31 IST" duration-ms="50282" status="PASS">
          <reporter-output>
          </reporter-output>
        </test-method> <!-- basicBusinessDetails -->
        <test-method is-config="true" signature="tearDown(org.testng.ITestResult)[pri:0, instance:TestLayer.BuyerPortal_BusinessOnboardingPageTest@158d2680]" started-at="2022-10-10T17:35:31 IST" name="tearDown" finished-at="2022-10-10T17:35:31 IST" duration-ms="0" status="PASS">
          <params>
            <param index="0">
              <value>
                <![CDATA[[TestResult name=basicBusinessDetails status=SUCCESS method=BuyerPortal_BusinessOnboardingPageTest.basicBusinessDetails()[pri:2, instance:TestLayer.BuyerPortal_BusinessOnboardingPageTest@158d2680] output={null}]]]>
              </value>
            </param>
          </params>
          <reporter-output>
          </reporter-output>
        </test-method> <!-- tearDown -->
        <test-method is-config="true" signature="closeReport()[pri:0, instance:TestLayer.BuyerPortal_BusinessOnboardingPageTest@158d2680]" started-at="2022-10-10T17:35:31 IST" name="closeReport" finished-at="2022-10-10T17:35:31 IST" duration-ms="593" status="PASS">
          <reporter-output>
          </reporter-output>
        </test-method> <!-- closeReport -->
      </class> <!-- TestLayer.BuyerPortal_BusinessOnboardingPageTest -->
    </test> <!-- Default test -->
  </suite> <!-- Default suite -->
</testng-results>
