<?xml version="1.0" encoding="UTF-8"?>
<testng-results ignored="1" total="5" passed="4" failed="0" skipped="0">
  <reporter-output>
  </reporter-output>
  <suite started-at="2022-10-04T18:11:47 IST" name="Default suite" finished-at="2022-10-04T18:14:00 IST" duration-ms="133505">
    <groups>
    </groups>
    <test started-at="2022-10-04T18:11:47 IST" name="Default test" finished-at="2022-10-04T18:14:00 IST" duration-ms="133505">
      <class name="TestLayer.BuyerPortalSignUpTest">
        <test-method is-config="true" signature="setUp()[pri:0, instance:TestLayer.BuyerPortalSignUpTest@57a3af25]" started-at="2022-10-04T18:11:42 IST" name="setUp" finished-at="2022-10-04T18:11:47 IST" duration-ms="5264" status="PASS">
          <reporter-output>
          </reporter-output>
        </test-method> <!-- setUp -->
        <test-method is-config="true" signature="setReports()[pri:0, instance:TestLayer.BuyerPortalSignUpTest@57a3af25]" started-at="2022-10-04T18:11:47 IST" name="setReports" finished-at="2022-10-04T18:11:47 IST" duration-ms="152" status="PASS">
          <reporter-output>
          </reporter-output>
        </test-method> <!-- setReports -->
        <test-method is-config="true" signature="testName(java.lang.reflect.Method)[pri:0, instance:TestLayer.BuyerPortalSignUpTest@57a3af25]" started-at="2022-10-04T18:11:47 IST" name="testName" finished-at="2022-10-04T18:11:47 IST" duration-ms="2" status="PASS">
          <params>
            <param index="0">
              <value>
                <![CDATA[public void TestLayer.BuyerPortalSignUpTest.signUpPageTest1() throws java.io.IOException]]>
              </value>
            </param>
          </params>
          <reporter-output>
          </reporter-output>
        </test-method> <!-- testName -->
        <test-method signature="signUpPageTest1()[pri:1, instance:TestLayer.BuyerPortalSignUpTest@57a3af25]" started-at="2022-10-04T18:11:47 IST" name="signUpPageTest1" finished-at="2022-10-04T18:12:18 IST" duration-ms="30934" status="PASS">
          <reporter-output>
          </reporter-output>
        </test-method> <!-- signUpPageTest1 -->
        <test-method is-config="true" signature="tearDown(org.testng.ITestResult)[pri:0, instance:TestLayer.BuyerPortalSignUpTest@57a3af25]" started-at="2022-10-04T18:12:18 IST" name="tearDown" finished-at="2022-10-04T18:12:18 IST" duration-ms="0" status="PASS">
          <params>
            <param index="0">
              <value>
                <![CDATA[[TestResult name=signUpPageTest1 status=SUCCESS method=BuyerPortalSignUpTest.signUpPageTest1()[pri:1, instance:TestLayer.BuyerPortalSignUpTest@57a3af25] output={null}]]]>
              </value>
            </param>
          </params>
          <reporter-output>
          </reporter-output>
        </test-method> <!-- tearDown -->
        <test-method is-config="true" signature="testName(java.lang.reflect.Method)[pri:0, instance:TestLayer.BuyerPortalSignUpTest@57a3af25]" started-at="2022-10-04T18:12:18 IST" name="testName" finished-at="2022-10-04T18:12:18 IST" duration-ms="0" status="PASS">
          <params>
            <param index="0">
              <value>
                <![CDATA[public void TestLayer.BuyerPortalSignUpTest.signupPageTest3() throws java.lang.InterruptedException,java.io.IOException]]>
              </value>
            </param>
          </params>
          <reporter-output>
          </reporter-output>
        </test-method> <!-- testName -->
        <test-method signature="signupPageTest3()[pri:2, instance:TestLayer.BuyerPortalSignUpTest@57a3af25]" started-at="2022-10-04T18:12:18 IST" name="signupPageTest3" finished-at="2022-10-04T18:12:35 IST" duration-ms="16861" status="PASS">
          <reporter-output>
          </reporter-output>
        </test-method> <!-- signupPageTest3 -->
        <test-method is-config="true" signature="tearDown(org.testng.ITestResult)[pri:0, instance:TestLayer.BuyerPortalSignUpTest@57a3af25]" started-at="2022-10-04T18:12:35 IST" name="tearDown" finished-at="2022-10-04T18:12:35 IST" duration-ms="1" status="PASS">
          <params>
            <param index="0">
              <value>
                <![CDATA[[TestResult name=signupPageTest3 status=SUCCESS method=BuyerPortalSignUpTest.signupPageTest3()[pri:2, instance:TestLayer.BuyerPortalSignUpTest@57a3af25] output={null}]]]>
              </value>
            </param>
          </params>
          <reporter-output>
          </reporter-output>
        </test-method> <!-- tearDown -->
        <test-method signature="signUpPageTest4()[pri:3, instance:TestLayer.BuyerPortalSignUpTest@57a3af25]" started-at="2022-10-04T18:12:35 IST" name="signUpPageTest4" finished-at="2022-10-04T18:12:46 IST" duration-ms="10658" status="PASS">
          <reporter-output>
          </reporter-output>
        </test-method> <!-- signUpPageTest4 -->
        <test-method is-config="true" signature="testName(java.lang.reflect.Method)[pri:0, instance:TestLayer.BuyerPortalSignUpTest@57a3af25]" started-at="2022-10-04T18:12:35 IST" name="testName" finished-at="2022-10-04T18:12:35 IST" duration-ms="0" status="PASS">
          <params>
            <param index="0">
              <value>
                <![CDATA[public void TestLayer.BuyerPortalSignUpTest.signUpPageTest4() throws java.io.IOException]]>
              </value>
            </param>
          </params>
          <reporter-output>
          </reporter-output>
        </test-method> <!-- testName -->
        <test-method is-config="true" signature="tearDown(org.testng.ITestResult)[pri:0, instance:TestLayer.BuyerPortalSignUpTest@57a3af25]" started-at="2022-10-04T18:12:46 IST" name="tearDown" finished-at="2022-10-04T18:12:46 IST" duration-ms="0" status="PASS">
          <params>
            <param index="0">
              <value>
                <![CDATA[[TestResult name=signUpPageTest4 status=SUCCESS method=BuyerPortalSignUpTest.signUpPageTest4()[pri:3, instance:TestLayer.BuyerPortalSignUpTest@57a3af25] output={null}]]]>
              </value>
            </param>
          </params>
          <reporter-output>
          </reporter-output>
        </test-method> <!-- tearDown -->
        <test-method is-config="true" signature="testName(java.lang.reflect.Method)[pri:0, instance:TestLayer.BuyerPortalSignUpTest@57a3af25]" started-at="2022-10-04T18:12:46 IST" name="testName" finished-at="2022-10-04T18:12:46 IST" duration-ms="0" status="PASS">
          <params>
            <param index="0">
              <value>
                <![CDATA[public void TestLayer.BuyerPortalSignUpTest.signUpPageTest5() throws java.io.IOException,java.lang.InterruptedException]]>
              </value>
            </param>
          </params>
          <reporter-output>
          </reporter-output>
        </test-method> <!-- testName -->
        <test-method signature="signUpPageTest5()[pri:4, instance:TestLayer.BuyerPortalSignUpTest@57a3af25]" started-at="2022-10-04T18:12:46 IST" name="signUpPageTest5" finished-at="2022-10-04T18:14:00 IST" duration-ms="74289" status="PASS">
          <reporter-output>
          </reporter-output>
        </test-method> <!-- signUpPageTest5 -->
        <test-method is-config="true" signature="tearDown(org.testng.ITestResult)[pri:0, instance:TestLayer.BuyerPortalSignUpTest@57a3af25]" started-at="2022-10-04T18:14:00 IST" name="tearDown" finished-at="2022-10-04T18:14:00 IST" duration-ms="0" status="PASS">
          <params>
            <param index="0">
              <value>
                <![CDATA[[TestResult name=signUpPageTest5 status=SUCCESS method=BuyerPortalSignUpTest.signUpPageTest5()[pri:4, instance:TestLayer.BuyerPortalSignUpTest@57a3af25] output={null}]]]>
              </value>
            </param>
          </params>
          <reporter-output>
          </reporter-output>
        </test-method> <!-- tearDown -->
        <test-method is-config="true" signature="closeReport()[pri:0, instance:TestLayer.BuyerPortalSignUpTest@57a3af25]" started-at="2022-10-04T18:14:00 IST" name="closeReport" finished-at="2022-10-04T18:14:00 IST" duration-ms="570" status="PASS">
          <reporter-output>
          </reporter-output>
        </test-method> <!-- closeReport -->
      </class> <!-- TestLayer.BuyerPortalSignUpTest -->
    </test> <!-- Default test -->
  </suite> <!-- Default suite -->
</testng-results>
