<?xml version="1.0" encoding="UTF-8"?>
<!-- Generated by org.testng.reporters.JUnitXMLReporter -->
<testsuite ignored="0" hostname="DESKTOP-4KADTEQ" failures="0" tests="2" name="Default test" time="64.195" errors="0" timestamp="2022-10-10T17:35:31 IST">
  <testcase classname="TestLayer.BuyerPortal_BusinessOnboardingPageTest" name="signInPageTest" time="13.017"/>
  <testcase classname="TestLayer.BuyerPortal_BusinessOnboardingPageTest" name="basicBusinessDetails" time="50.282"/>
</testsuite> <!-- Default test -->
