<?xml version="1.0" encoding="UTF-8"?>
<!-- Generated by org.testng.reporters.JUnitXMLReporter -->
<testsuite ignored="1" hostname="DESKTOP-4KADTEQ" failures="0" tests="4" name="Default test" time="133.505" errors="0" timestamp="2022-10-04T18:14:00 IST">
  <testcase classname="TestLayer.BuyerPortalSignUpTest" name="signUpPageTest1" time="30.934"/>
  <testcase classname="TestLayer.BuyerPortalSignUpTest" name="signupPageTest3" time="16.861"/>
  <testcase classname="TestLayer.BuyerPortalSignUpTest" name="signUpPageTest4" time="10.658"/>
  <testcase classname="TestLayer.BuyerPortalSignUpTest" name="signUpPageTest5" time="74.289"/>
  <testcase classname="TestLayer.BuyerPortalSignUpTest" name="signUpPageTest2" time="0.0">
    <ignored/>
  </testcase> <!-- signUpPageTest2 -->
</testsuite> <!-- Default test -->
