<?xml version="1.0" encoding="UTF-8"?>
<!-- Generated by org.testng.reporters.JUnitXMLReporter -->
<testsuite ignored="5" hostname="DESKTOP-4KADTEQ" failures="0" tests="2" name="edgeTest" time="81.458" errors="0" timestamp="2022-08-17T12:25:38 IST">
  <testcase classname="TestLayer.BuyerPortal_LandingPagetest" name="search" time="4.765"/>
  <testcase classname="TestLayer.BuyerPortal_LandingPagetest" name="footer1" time="76.442"/>
  <testcase classname="TestLayer.BuyerPortal_LandingPagetest" name="searchpage" time="0.0">
    <ignored/>
  </testcase> <!-- searchpage -->
  <testcase classname="TestLayer.BuyerPortal_LandingPagetest" name="popularSearch" time="0.0">
    <ignored/>
  </testcase> <!-- popularSearch -->
  <testcase classname="TestLayer.BuyerPortal_LandingPagetest" name="categories" time="0.0">
    <ignored/>
  </testcase> <!-- categories -->
  <testcase classname="TestLayer.BuyerPortal_LandingPagetest" name="signInPageTest" time="0.0">
    <ignored/>
  </testcase> <!-- signInPageTest -->
  <testcase classname="TestLayer.BuyerPortal_LandingPagetest" name="testimonials" time="0.0">
    <ignored/>
  </testcase> <!-- testimonials -->
</testsuite> <!-- edgeTest -->
